# SWARM Execution Session: FLIPPED-POLES_20250827_025509
## Mission: ForceQUIT - Sleek macOS Force Quit Utility
## Launch Codes: FLIPPED-POLES
## Started: Wed Aug 27 02:55:09 EDT 2025
## Operator: heathen-admin (Jason)
## Working Directory: /Volumes/Development/Projects/ForceQUIT
## Phase: BrainSWARMING - Concept Development
## Progress: 0/10 phases complete (0%)

## ALL PHASES TO COMPLETE:
- [ ] BrainSWARMING - App (STARTING NOW!)
- [ ] BrainSWARMING - UI/UX
- [ ] Techstack MINISWARM Finalize
- [ ] PRD SWARM
- [ ] SWARM Build Phases
- [ ] CodeFIX SWARM
- [ ] Q/C SWARM
- [ ] Build-Compile-Dist
- [ ] Test
- [ ] Feedback

## Current Mission: BrainSWARMING - App (PHASE 1)
- 🎯 BRAINSTORM ForceQUIT concept from ZERO
- 🎯 Generate creative ideas for sleek macOS force quit utility
- 🎯 Explore dark mode, avant-garde UI possibilities
- 🎯 Think of innovative features and user experience

