AGENT_LAUNCH|2025-08-27_02:55:24|TEST_FIXED_025524_47246|TEST_FIXED|STARTING
PERSONALITY: Simple test agent
TASK: Just say 'Hello from TEST_FIXED agent\! Session ID: [INSERT_SESSION_ID_HERE]' and confirm the logging system works.
---
AGENT_COMPLETE|2025-08-27_02:55:44|TEST_FIXED_025524_47246|TEST_FIXED|EXIT_0
OUTPUT_SIZE:      790 bytes
OUTPUT_LINES:        9 lines
---
AGENT_LAUNCH|2025-08-27_02:57:40|CREATIVE_VISIONARY_025740_47880|CREATIVE_VISIONARY|STARTING
PERSONALITY: Creative visionary who sees beauty in technology and loves pushing design boundaries to create jaw-dropping user experiences
TASK: Brainstorm the most innovative and visually stunning concepts for ForceQUIT - a macOS force quit utility. Think dark mode, avant-garde design, lights, indicators, switches. What would make this the most beautiful and elegant force quit app ever created? Dream big with visual concepts and UI innovations!
---
AGENT_LAUNCH|2025-08-27_02:57:55|UX_GENIUS_025755_48144|UX_GENIUS|STARTING
PERSONALITY: UX genius obsessed with creating magical user experiences that users can't live without - thinks deeply about workflows and user psychology
TASK: Brainstorm revolutionary user experience concepts for ForceQUIT. How should users interact with a master force quit utility? What makes it intuitive, safe, and addictive to use? Consider power user workflows, emergency situations, and daily productivity. Make it INDISPENSABLE for every Mac user\!
---
AGENT_LAUNCH|2025-08-27_02:58:09|TECH_INNOVATOR_025809_48423|TECH_INNOVATOR|STARTING
PERSONALITY: Technical innovator who gets excited about pushing software capabilities to the extreme and loves bleeding-edge macOS features
TASK: Brainstorm cutting-edge technical capabilities for ForceQUIT. What advanced features could blow minds? Smart process detection, AI-powered cleanup, system optimization, macOS integration magic, performance monitoring? Push the boundaries of what a force quit utility can do technically!
---
AGENT_LAUNCH|2025-08-27_02:58:26|MARKET_STRATEGIST_025826_48696|MARKET_STRATEGIST|STARTING
PERSONALITY: Market strategist who understands what makes users passionate about software and has a sixth sense for product-market fit
TASK: Brainstorm market positioning and user psychology for ForceQUIT. Who desperately needs this? What pain points does it solve that nothing else does? How do we make users CRAVE this utility? Think competitive differentiation, viral appeal, and what makes people passionate about software!
---
AGENT_LAUNCH|2025-08-27_02:58:40|SAFETY_WIZARD_025840_48986|SAFETY_WIZARD|STARTING
PERSONALITY: Safety wizard obsessed with protecting users from their own mistakes while keeping things fast and elegant - thinks about edge cases and failure modes
TASK: Brainstorm the ultimate safety and reliability features for ForceQUIT. How do we prevent disasters? Smart warnings, data protection, recovery mechanisms, backup suggestions? Make this the SAFEST way to force quit anything while still being lightning fast and elegant!
---
AGENT_COMPLETE|2025-08-27_02:58:45|CREATIVE_VISIONARY_025740_47880|CREATIVE_VISIONARY|EXIT_0
OUTPUT_SIZE:       40 bytes
OUTPUT_LINES:        1 lines
---
AGENT_COMPLETE|2025-08-27_02:58:45|UX_GENIUS_025755_48144|UX_GENIUS|EXIT_0
OUTPUT_SIZE:     5637 bytes
OUTPUT_LINES:      115 lines
---
AGENT_COMPLETE|2025-08-27_02:58:53|TECH_INNOVATOR_025809_48423|TECH_INNOVATOR|EXIT_0
OUTPUT_SIZE:     5141 bytes
OUTPUT_LINES:       92 lines
---
AGENT_COMPLETE|2025-08-27_02:59:28|SAFETY_WIZARD_025840_48986|SAFETY_WIZARD|EXIT_0
OUTPUT_SIZE:     5094 bytes
OUTPUT_LINES:      162 lines
---
AGENT_COMPLETE|2025-08-27_02:59:48|MARKET_STRATEGIST_025826_48696|MARKET_STRATEGIST|EXIT_0
OUTPUT_SIZE:     3874 bytes
OUTPUT_LINES:       98 lines
---
AGENT_LAUNCH|2025-08-27_03:04:05|UI_ARCHITECT_030405_50045|UI_ARCHITECT|STARTING
PERSONALITY: Phase 2: BrainSWARMING - UI/UX. Based on the Master ForceQUIT Concept, design the complete visual design system including: dark mode color palettes, typography scales, component library, animation principles, and the 'Mission Control aesthetic' with glassmorphism and RGB accent lighting. Focus on the four interface states: Normal, Alert, Crisis, Recovery modes.
TASK: SwiftUI visual design architect specializing in dark mode interfaces, Apple HIG compliance, and elegant system utilities. You excel at creating pixel-perfect mockups and defining comprehensive design systems.
---
AGENT_COMPLETE|2025-08-27_03:05:56|UI_ARCHITECT_030405_50045|UI_ARCHITECT|EXIT_0
OUTPUT_SIZE:     6530 bytes
OUTPUT_LINES:      199 lines
---
AGENT_LAUNCH|2025-08-27_03:06:09|INTERACTION_WIZARD_030609_51346|INTERACTION_WIZARD|STARTING
PERSONALITY: Phase 2: BrainSWARMING - UI/UX. Design the complete interaction system for ForceQUIT including: three-finger force touch activation, shake-to-activate gestures, voice commands, keyboard shortcuts, and the seamless transitions between Normal→Alert→Crisis→Recovery modes. Focus on making crisis management feel elegant and controlled.
TASK: Master of macOS interaction patterns, gestures, and user flows. Specializes in creating intuitive interfaces that feel native to macOS.
---
AGENT_LAUNCH|2025-08-27_03:06:18|ANIMATION_GURU_030618_51550|ANIMATION_GURU|STARTING
PERSONALITY: Phase 2: BrainSWARMING - UI/UX. Design the complete animation system for ForceQUIT including: particle effects during force quit operations, smooth state transitions, haptic feedback patterns, pulsing indicators for app health, and the satisfying 'emergency button' press animation. Make every interaction feel premium and intentional.
TASK: Motion design expert specializing in Core Animation, Metal rendering, and smooth 120fps interfaces. Creates satisfying micro-interactions that make apps feel alive.
---
AGENT_LAUNCH|2025-08-27_03:06:28|DATA_VIZ_MASTER_030628_51833|DATA_VIZ_MASTER|STARTING
PERSONALITY: Phase 2: BrainSWARMING - UI/UX. Design the real-time data visualization system for ForceQUIT including: 3D process tree with resource flow visualization, circular progress indicators for app health, memory/CPU/thermal monitoring dashboards, and beautiful charts that make system monitoring actually enjoyable. Focus on the 'process relationships' visualization that helps users understand which apps are 'friends'.
TASK: Data visualization specialist creating beautiful real-time system monitoring interfaces. Expert at making complex technical data visually appealing and actionable.
---
AGENT_LAUNCH|2025-08-27_03:06:38|ACCESSIBILITY_CHAMPION_030638_52093|ACCESSIBILITY_CHAMPION|STARTING
PERSONALITY: Phase 2: BrainSWARMING - UI/UX. Design the complete accessibility system for ForceQUIT including: VoiceOver narration of all operations, customizable voice commands, high contrast mode support, reduced motion options, keyboard-only navigation, and ensuring the crisis management interface works perfectly for users with disabilities. Make ForceQUIT the most accessible system utility on macOS.
TASK: Accessibility and inclusive design expert ensuring ForceQUIT works beautifully for all users. Specializes in VoiceOver, keyboard navigation, and universal design principles.
---
AGENT_COMPLETE|2025-08-27_03:07:01|INTERACTION_WIZARD_030609_51346|INTERACTION_WIZARD|EXIT_0
OUTPUT_SIZE:     6236 bytes
OUTPUT_LINES:      192 lines
---
AGENT_COMPLETE|2025-08-27_03:07:23|DATA_VIZ_MASTER_030628_51833|DATA_VIZ_MASTER|EXIT_0
OUTPUT_SIZE:     6196 bytes
OUTPUT_LINES:      173 lines
---
AGENT_COMPLETE|2025-08-27_03:07:57|ANIMATION_GURU_030618_51550|ANIMATION_GURU|EXIT_0
OUTPUT_SIZE:     5461 bytes
OUTPUT_LINES:      167 lines
---
AGENT_COMPLETE|2025-08-27_03:09:47|ACCESSIBILITY_CHAMPION_030638_52093|ACCESSIBILITY_CHAMPION|EXIT_0
OUTPUT_SIZE:       15 bytes
OUTPUT_LINES:        0 lines
---
AGENT_LAUNCH|2025-08-27_03:11:12|SWIFT_ARCHITECT_031112_53802|SWIFT_ARCHITECT|STARTING
PERSONALITY: Phase 3: TechStack MINISWARM. Based on the Master ForceQUIT Concept and UI/UX Design System, finalize the complete technical stack including: SwiftUI architecture, Core Animation integration, Metal rendering pipeline, system process monitoring APIs, privilege escalation handling, and macOS security compliance. Create the definitive technical blueprint for implementation.
TASK: SwiftUI and macOS development expert specializing in native app architecture, system integration, and performance optimization.
---
AGENT_LAUNCH|2025-08-27_03:11:25|SECURITY_SPECIALIST_031125_54057|SECURITY_SPECIALIST|STARTING
PERSONALITY: Phase 3: TechStack MINISWARM. Design the complete security architecture for ForceQUIT including: proper privilege escalation for process termination, Sandbox compliance, System Integrity Protection compatibility, secure inter-process communication, and ensuring ForceQUIT operates safely without compromising system security. Address the challenge of force-quitting processes while maintaining macOS security standards.
TASK: macOS security and permissions expert focusing on system integrity, sandboxing, and safe privilege escalation for system utilities.
---
AGENT_LAUNCH|2025-08-27_03:11:38|PERFORMANCE_GURU_031138_54340|PERFORMANCE_GURU|STARTING
PERSONALITY: Phase 3: TechStack MINISWARM. Optimize the technical architecture for ForceQUIT including: efficient real-time process monitoring, memory-conscious data structures, concurrent scanning algorithms, Metal GPU utilization for particle effects, battery life preservation, and ensuring ForceQUIT itself never becomes a system burden. Focus on making the monitoring system lighter than the processes it monitors.
TASK: macOS performance optimization expert specializing in memory management, concurrent processing, and system resource efficiency.
---
AGENT_COMPLETE|2025-08-27_03:12:22|SWIFT_ARCHITECT_031112_53802|SWIFT_ARCHITECT|EXIT_0
OUTPUT_SIZE:     5485 bytes
OUTPUT_LINES:      191 lines
---
AGENT_COMPLETE|2025-08-27_03:13:18|SECURITY_SPECIALIST_031125_54057|SECURITY_SPECIALIST|EXIT_0
OUTPUT_SIZE:     7739 bytes
OUTPUT_LINES:      200 lines
---
AGENT_COMPLETE|2025-08-27_03:13:21|PERFORMANCE_GURU_031138_54340|PERFORMANCE_GURU|EXIT_0
OUTPUT_SIZE:     6176 bytes
OUTPUT_LINES:      184 lines
---
AGENT_LAUNCH|2025-08-27_03:15:18|REQUIREMENTS_ANALYST_031518_55815|REQUIREMENTS_ANALYST|STARTING
PERSONALITY: Phase 4: PRD SWARM. Based on all previous ForceQUIT SWARM outputs (Master Concept, UI/UX Design System, Technical Architecture), create comprehensive Product Requirements Document including: detailed feature specifications, user stories, acceptance criteria, technical requirements, API specifications, security requirements, and implementation milestones. Transform the creative vision into actionable development requirements.
TASK: Product requirements and business analysis expert specializing in technical specification documentation and user story creation.
---
AGENT_LAUNCH|2025-08-27_03:15:32|QA_STRATEGIST_031532_56079|QA_STRATEGIST|STARTING
PERSONALITY: Phase 4: PRD SWARM. Design the complete testing and QA strategy for ForceQUIT including: unit test specifications, integration test scenarios, security testing protocols, performance benchmarks, user acceptance testing criteria, edge case handling, and automated testing framework requirements. Ensure every aspect of ForceQUIT can be thoroughly validated.
TASK: Quality assurance and testing strategy expert focusing on comprehensive test planning and validation criteria.
---
AGENT_LAUNCH|2025-08-27_03:15:45|LAUNCH_SPECIALIST_031545_56408|LAUNCH_SPECIALIST|STARTING
PERSONALITY: Phase 4: PRD SWARM. Design the complete launch strategy for ForceQUIT including: release roadmap, distribution channels (App Store vs direct), marketing positioning, user onboarding flow, documentation requirements, support strategy, and post-launch optimization plan. Create the definitive go-to-market plan for maximum user adoption and satisfaction.
TASK: Product launch and go-to-market expert specializing in release planning, distribution strategy, and user adoption optimization.
---
AGENT_COMPLETE|2025-08-27_03:16:48|LAUNCH_SPECIALIST_031545_56408|LAUNCH_SPECIALIST|EXIT_0
OUTPUT_SIZE:     9260 bytes
OUTPUT_LINES:      307 lines
---
AGENT_COMPLETE|2025-08-27_03:17:15|QA_STRATEGIST_031532_56079|QA_STRATEGIST|EXIT_0
OUTPUT_SIZE:     8218 bytes
OUTPUT_LINES:      293 lines
---
AGENT_COMPLETE|2025-08-27_03:19:20|REQUIREMENTS_ANALYST_031518_55815|REQUIREMENTS_ANALYST|EXIT_0
OUTPUT_SIZE:     1696 bytes
OUTPUT_LINES:       25 lines
---
AGENT_LAUNCH|2025-08-27_03:22:34|SWIFT_DEVELOPER_032234_57497|SWIFT_DEVELOPER|STARTING
PERSONALITY: Phase 5: SWARM Build Phases. Implement the core ForceQUIT application based on all previous specifications. Create the foundational SwiftUI architecture, process monitoring system, security framework, and basic UI components. Focus on: App.swift main entry point, ProcessMonitorViewModel, MainForceQuitView, privilege management system, and essential functionality. Deliver production-ready Swift code.
TASK: Expert SwiftUI and macOS developer specializing in native app implementation, system integration, and performance optimization.
---
AGENT_LAUNCH|2025-08-27_03:22:50|UI_ENGINEER_032250_57755|UI_ENGINEER|STARTING
PERSONALITY: Phase 5: SWARM Build Phases. Implement the complete ForceQUIT user interface based on the Phase 2 UI/UX Design System. Create: Mission Control aesthetic components, four-state RGB system, glassmorphism effects, custom animations, and the 3D process visualization interface. Focus on pixel-perfect implementation of the avant-garde design with 120fps performance. Deliver SwiftUI views and custom components.
TASK: SwiftUI interface engineer specializing in custom components, animations, and user experience implementation.
---
AGENT_LAUNCH|2025-08-27_03:23:05|SECURITY_ENGINEER_032305_58060|SECURITY_ENGINEER|STARTING
PERSONALITY: Phase 5: SWARM Build Phases. Implement the complete security architecture for ForceQUIT based on the Phase 3 specifications. Create: multi-tier security system, XPC helper tool, privilege management, process safety validation, and SIP compliance. Focus on: authorization services integration, secure IPC, helper tool installation, and bulletproof security implementation. Deliver production-ready security code.
TASK: macOS security implementation expert specializing in sandboxing, privilege escalation, and system integration security.
---
AGENT_COMPLETE|2025-08-27_03:29:53|UI_ENGINEER_032250_57755|UI_ENGINEER|EXIT_0
OUTPUT_SIZE:     3592 bytes
OUTPUT_LINES:       66 lines
---
AGENT_COMPLETE|2025-08-27_03:33:26|SECURITY_ENGINEER_032305_58060|SECURITY_ENGINEER|EXIT_0
OUTPUT_SIZE:     2011 bytes
OUTPUT_LINES:       41 lines
---
AGENT_COMPLETE|2025-08-27_03:37:36|SWIFT_DEVELOPER_032234_57497|SWIFT_DEVELOPER|EXIT_0
OUTPUT_SIZE:     2617 bytes
OUTPUT_LINES:       56 lines
---
AGENT_LAUNCH|2025-08-27_03:45:58|CODE_OPTIMIZER_034558_61510|CODE_OPTIMIZER|STARTING
PERSONALITY: Phase 6: CodeFIX SWARM. Optimize and refine the Phase 5 ForceQUIT implementation for maximum performance and efficiency. Focus on: memory optimization, CPU efficiency, animation performance, code quality improvements, and meeting the <10MB memory budget constraint. Ensure the monitoring system is truly lighter than processes it monitors. Deliver optimized, production-ready code.
TASK: Expert code optimization and performance specialist focusing on Swift/SwiftUI efficiency, memory management, and system resource optimization.
---
AGENT_LAUNCH|2025-08-27_03:46:14|BUG_HUNTER_034614_61775|BUG_HUNTER|STARTING
PERSONALITY: Phase 6: CodeFIX SWARM. Identify and fix potential issues in the Phase 5 ForceQUIT implementation. Focus on: edge case handling, error management, graceful degradation, system compatibility, memory leaks, race conditions, and bulletproof reliability. Ensure robust operation across all macOS versions and hardware configurations. Deliver bug-free, reliable code.
TASK: Expert debugging and quality assurance specialist focusing on edge case handling, error management, and code reliability.
---
AGENT_LAUNCH|2025-08-27_03:46:30|SECURITY_AUDITOR_034630_62093|SECURITY_AUDITOR|STARTING
PERSONALITY: Phase 6: CodeFIX SWARM. Conduct comprehensive security audit of the Phase 5 ForceQUIT implementation. Focus on: vulnerability assessment, privilege escalation validation, sandboxing verification, XPC security, input sanitization, and SIP compliance. Identify and fix any security weaknesses. Deliver enterprise-grade security hardening and validation.
TASK: Security vulnerability assessment and hardening specialist focusing on penetration testing, security validation, and compliance verification.
---
AGENT_LAUNCH|2025-08-27_03:48:40|QA_VALIDATOR_034840_64166|QA_VALIDATOR|STARTING
PERSONALITY: Phase 7: Q/C SWARM. Conduct comprehensive quality control validation of the optimized ForceQUIT implementation. Execute the Phase 4 QA strategy: unit testing, integration testing, performance benchmarks, user acceptance scenarios, and quality gates validation. Ensure all PRD requirements are met and production readiness is achieved. Deliver complete QA validation report.
TASK: Expert quality assurance and testing specialist focusing on comprehensive validation, performance benchmarking, and acceptance criteria verification.
---
AGENT_LAUNCH|2025-08-27_03:48:56|PERFORMANCE_TESTER_034856_64498|PERFORMANCE_TESTER|STARTING
PERSONALITY: Phase 7: Q/C SWARM. Execute comprehensive performance validation of ForceQUIT against all Phase 3 performance targets. Test: <10MB memory budget, <0.1% CPU idle, 120fps animations, startup time <200ms, and scalability with 500+ apps. Conduct stress testing, thermal validation, and battery impact assessment. Deliver performance certification report.
TASK: Expert performance testing and benchmarking specialist focusing on system resource validation, scalability testing, and efficiency verification.
---
AGENT_LAUNCH|2025-08-27_03:49:12|UX_VALIDATOR_034912_64899|UX_VALIDATOR|STARTING
PERSONALITY: Phase 7: Q/C SWARM. Validate the complete ForceQUIT user experience against all Phase 2 UI/UX specifications. Test: four-state interface system, Mission Control aesthetics, accessibility compliance, multi-modal activation, and user workflow validation. Conduct usability testing scenarios and ensure the 'Nuclear Option Made Beautiful' philosophy is fully realized. Deliver UX certification report.
TASK: Expert user experience testing and validation specialist focusing on usability, accessibility, and user acceptance criteria verification.
---
AGENT_LAUNCH|2025-08-27_03:52:08|BUILD_ENGINEER_035208_68366|BUILD_ENGINEER|STARTING
PERSONALITY: Phase 8: Build-Compile-Dist. Create production-ready ForceQUIT distribution packages based on all completed development phases. Execute: Xcode project compilation, universal binary creation (Intel + Apple Silicon), code signing with Developer ID, notarization process, App Store package, direct distribution DMG, and automated build pipeline setup. Deliver ready-to-ship ForceQUIT application.
TASK: Expert production build and deployment specialist focusing on Xcode project compilation, code signing, notarization, and distribution package creation.
---
AGENT_COMPLETE|2025-08-27_03:52:34|PERFORMANCE_TESTER_034856_64498|PERFORMANCE_TESTER|EXIT_0
OUTPUT_SIZE:       15 bytes
OUTPUT_LINES:        0 lines
---
AGENT_LAUNCH|2025-08-27_03:52:54|DISTRIBUTION_SPECIALIST_035254_69293|DISTRIBUTION_SPECIALIST|STARTING
PERSONALITY: Phase 8: Build-Compile-Dist. Create comprehensive distribution packages for ForceQUIT across all channels. Execute: DMG installer creation, App Store package preparation, direct distribution setup, auto-updater integration, installer signing, and multi-channel deployment pipeline. Deliver complete distribution system ready for launch.
TASK: Expert app distribution and packaging specialist focusing on multi-channel deployment, installer creation, and release automation.
---
AGENT_COMPLETE|2025-08-27_03:53:07|UX_VALIDATOR_034912_64899|UX_VALIDATOR|EXIT_0
OUTPUT_SIZE:     7951 bytes
OUTPUT_LINES:      184 lines
---
AGENT_COMPLETE|2025-08-27_03:53:46|QA_VALIDATOR_034840_64166|QA_VALIDATOR|EXIT_0
OUTPUT_SIZE:     1297 bytes
OUTPUT_LINES:       23 lines
---
AGENT_COMPLETE|2025-08-27_03:54:02|BUG_HUNTER_034614_61775|BUG_HUNTER|EXIT_0
OUTPUT_SIZE:     2009 bytes
OUTPUT_LINES:       43 lines
---
AGENT_LAUNCH|2025-08-27_03:55:33|RELEASE_TESTER_035533_71611|RELEASE_TESTER|STARTING
PERSONALITY: Phase 9: Test - Final Pre-Release Validation. Conduct comprehensive final testing of the complete ForceQUIT application across all target scenarios. Execute: installation testing on clean systems, real-world usage scenarios, multi-architecture validation, security penetration testing, stress testing with 500+ apps, and complete launch readiness assessment. Deliver final certification for App Store and direct distribution.
TASK: Expert pre-release testing specialist focusing on final validation, real-world scenarios, and launch readiness verification.
---
AGENT_LAUNCH|2025-08-27_03:55:51|COMPATIBILITY_TESTER_035551_72001|COMPATIBILITY_TESTER|STARTING
PERSONALITY: Phase 9: Test - Compatibility Validation. Execute comprehensive compatibility testing of ForceQUIT across all supported macOS versions, hardware configurations, and system states. Test: macOS 12.0+ compatibility, Intel vs Apple Silicon behavior, various permission states, different system loads, edge case scenarios, and regression testing. Deliver complete compatibility certification.
TASK: Expert compatibility and regression testing specialist focusing on multi-platform validation, version compatibility, and system integration testing.
---
AGENT_LAUNCH|2025-08-27_03:58:27|ANALYTICS_SPECIALIST_035827_74740|ANALYTICS_SPECIALIST|STARTING
PERSONALITY: Phase 10: Feedback - Post-Launch Monitoring. Establish comprehensive analytics and monitoring systems for ForceQUIT post-launch optimization. Create: user behavior tracking, performance monitoring dashboards, crash reporting systems, feature adoption analytics, and continuous improvement recommendations. Prepare the feedback infrastructure for iterative product enhancement based on real user data.
TASK: Expert product analytics and performance monitoring specialist focusing on user behavior analysis, performance metrics, and optimization recommendations.
---
AGENT_COMPLETE|2025-08-27_03:59:05|BUILD_ENGINEER_035208_68366|BUILD_ENGINEER|EXIT_0
OUTPUT_SIZE:     3506 bytes
OUTPUT_LINES:       76 lines
---
AGENT_COMPLETE|2025-08-27_03:59:36|SECURITY_AUDITOR_034630_62093|SECURITY_AUDITOR|EXIT_0
OUTPUT_SIZE:     2668 bytes
OUTPUT_LINES:       52 lines
---
AGENT_COMPLETE|2025-08-27_04:05:39|DISTRIBUTION_SPECIALIST_035254_69293|DISTRIBUTION_SPECIALIST|EXIT_0
OUTPUT_SIZE:     3361 bytes
OUTPUT_LINES:       72 lines
---
AGENT_LAUNCH|2025-08-27_04:06:26|XCODE_PROJECT_CREATOR_040626_78523|XCODE_PROJECT_CREATOR|STARTING
PERSONALITY: ACTUAL CODING PHASE: Create complete Xcode project structure for ForceQUIT. Generate: Package.swift or Xcode project file, folder structure (Sources/, Resources/, Tests/), build configurations for Debug/Release, macOS deployment target 12.0+, Info.plist with proper bundle identifier, entitlements for process monitoring, and complete project foundation ready for Swift code implementation.
TASK: Expert Xcode project setup specialist focusing on macOS app project structure, build configurations, and workspace organization.
---
AGENT_LAUNCH|2025-08-27_04:06:36|CORE_APP_DEVELOPER_040636_78770|CORE_APP_DEVELOPER|STARTING
PERSONALITY: ACTUAL CODING PHASE: Implement core ForceQUIT application architecture in Swift. Create: main App struct, ContentView with Mission Control UI, ProcessManager class for system process monitoring, ProcessModel data structures, WindowManager for overlay behaviors, and basic app lifecycle management. Focus on clean architecture and SwiftUI best practices.
TASK: Expert Swift/SwiftUI developer specializing in macOS app architecture, process management, and system integration.
---
AGENT_LAUNCH|2025-08-27_04:06:46|UI_IMPLEMENTATION_SPECIALIST_040646_79105|UI_IMPLEMENTATION_SPECIALIST|STARTING
PERSONALITY: ACTUAL CODING PHASE: Implement ForceQUIT's Mission Control interface in SwiftUI. Create: ProcessConstellationView (3D process visualization), RGBStateSystem (4-color process states), DarkSpaceTheme components, ProcessCardView with hover effects, animated transitions, gesture recognizers for multi-modal activation, and the complete visual interface matching the design specs.
TASK: Expert SwiftUI developer focusing on complex UI components, animations, and visual effects for macOS applications.
---
AGENT_LAUNCH|2025-08-27_04:06:55|PROCESS_MANAGEMENT_DEVELOPER_040655_79449|PROCESS_MANAGEMENT_DEVELOPER|STARTING
PERSONALITY: ACTUAL CODING PHASE: Implement ForceQUIT's process management system in Swift. Create: ProcessMonitor class using NSRunningApplication and task APIs, ProcessTerminator with smart kill strategies, SystemEventHandler for process state changes, PermissionManager for system access, and ProcessClassifier for intelligent process categorization. Focus on performance and system integration.
TASK: Expert macOS system developer specializing in process monitoring, system APIs, and low-level macOS integration.
---
AGENT_LAUNCH|2025-08-27_04:07:05|SECURITY_IMPLEMENTATION_DEVELOPER_040705_79732|SECURITY_IMPLEMENTATION_DEVELOPER|STARTING
PERSONALITY: ACTUAL CODING PHASE: Implement ForceQUIT's multi-tier security architecture in Swift. Create: SandboxManager for app sandbox compliance, PrivilegedHelper XPC service for system operations, SecurityValidator for process termination permissions, EntitlementManager for capability handling, and complete security framework ensuring SIP compliance while enabling process management.
TASK: Expert macOS security developer specializing in sandboxing, entitlements, privileged helpers, and system security frameworks.
---
AGENT_LAUNCH|2025-08-27_04:07:14|PERFORMANCE_OPTIMIZATION_DEVELOPER_040714_80171|PERFORMANCE_OPTIMIZATION_DEVELOPER|STARTING
PERSONALITY: ACTUAL CODING PHASE: Implement ForceQUIT's performance optimization system in Swift. Create: MemoryManager for <10MB constraint compliance, EventDrivenMonitor (no polling), ProcessCache for efficient data handling, AnimationOptimizer for 120fps performance, StartupOptimizer for <200ms boot time, and comprehensive performance monitoring ensuring the app is lighter than processes it monitors.
TASK: Expert Swift performance developer specializing in memory management, CPU optimization, and lightweight system monitoring.
---
AGENT_LAUNCH|2025-08-27_04:07:27|MULTI_MODAL_ACTIVATION_DEVELOPER_040727_80767|MULTI_MODAL_ACTIVATION_DEVELOPER|STARTING
PERSONALITY: ACTUAL CODING PHASE: Implement ForceQUIT's multi-modal activation system in Swift. Create: ShakeDetector using Core Motion, VoiceCommandHandler with Speech framework, GlobalHotkeyManager for keyboard shortcuts, TouchGestureRecognizer for trackpad inputs, ActivationCoordinator to manage all input methods, and seamless integration with the main app interface.
TASK: Expert macOS input developer specializing in gesture recognition, keyboard shortcuts, device shake detection, and voice command integration.
---
AGENT_LAUNCH|2025-08-27_04:07:37|BUILD_SYSTEM_DEVELOPER_040737_81234|BUILD_SYSTEM_DEVELOPER|STARTING
PERSONALITY: ACTUAL CODING PHASE: Implement ForceQUIT's complete build and compilation system. Create: Package.swift with all dependencies, build scripts for Debug/Release configurations, code signing configuration, universal binary build process (Intel + Apple Silicon), automated testing workflows, and complete build pipeline that produces a working .app bundle ready for distribution.
TASK: Expert Xcode build system developer specializing in Swift Package Manager, build automation, code signing, and deployment workflows.
---
AGENT_COMPLETE|2025-08-27_04:15:35|CORE_APP_DEVELOPER_040636_78770|CORE_APP_DEVELOPER|EXIT_0
OUTPUT_SIZE:     3458 bytes
OUTPUT_LINES:       61 lines
---
AGENT_COMPLETE|2025-08-27_04:16:07|MULTI_MODAL_ACTIVATION_DEVELOPER_040727_80767|MULTI_MODAL_ACTIVATION_DEVELOPER|EXIT_0
OUTPUT_SIZE:     3736 bytes
OUTPUT_LINES:       75 lines
---
AGENT_COMPLETE|2025-08-27_04:17:14|UI_IMPLEMENTATION_SPECIALIST_040646_79105|UI_IMPLEMENTATION_SPECIALIST|EXIT_0
OUTPUT_SIZE:     3715 bytes
OUTPUT_LINES:       80 lines
---
AGENT_COMPLETE|2025-08-27_04:17:24|PROCESS_MANAGEMENT_DEVELOPER_040655_79449|PROCESS_MANAGEMENT_DEVELOPER|EXIT_0
OUTPUT_SIZE:     5010 bytes
OUTPUT_LINES:      104 lines
---
AGENT_COMPLETE|2025-08-27_04:17:49|BUILD_SYSTEM_DEVELOPER_040737_81234|BUILD_SYSTEM_DEVELOPER|EXIT_0
OUTPUT_SIZE:     3293 bytes
OUTPUT_LINES:       63 lines
---
AGENT_COMPLETE|2025-08-27_04:18:49|SECURITY_IMPLEMENTATION_DEVELOPER_040705_79732|SECURITY_IMPLEMENTATION_DEVELOPER|EXIT_0
OUTPUT_SIZE:     4395 bytes
OUTPUT_LINES:      110 lines
---
AGENT_COMPLETE|2025-08-27_04:18:57|PERFORMANCE_OPTIMIZATION_DEVELOPER_040714_80171|PERFORMANCE_OPTIMIZATION_DEVELOPER|EXIT_0
OUTPUT_SIZE:     4070 bytes
OUTPUT_LINES:       74 lines
---
AGENT_COMPLETE|2025-08-27_04:19:36|XCODE_PROJECT_CREATOR_040626_78523|XCODE_PROJECT_CREATOR|EXIT_0
OUTPUT_SIZE:     3689 bytes
OUTPUT_LINES:       99 lines
---
AGENT_LAUNCH|2025-08-27_12:36:36|MAIN_DECLARATION_FIXER_123636_11980|MAIN_DECLARATION_FIXER|STARTING
PERSONALITY: CODEFIX SWARM - EMERGENCY COMPILATION REPAIR. Fix multiple @main declaration errors in ForceQUIT project. Analyze main.swift and main_complex.swift conflicts, resolve duplicate ForceQUITApp struct declarations, ensure single entry point. Critical: Remove conflicting @main attributes while preserving application functionality. MAXIMUM PRIORITY.
TASK: Expert Swift compiler error specialist focusing on @main attribute conflicts and entry point resolution.
---
AGENT_LAUNCH|2025-08-27_12:36:46|DUPLICATE_STRUCT_RESOLVER_123646_12179|DUPLICATE_STRUCT_RESOLVER|STARTING
PERSONALITY: CODEFIX SWARM - DUPLICATE STRUCT ELIMINATION. Fix duplicate Particle struct definitions causing compilation conflicts. Analyze AnimatedTransitions.swift vs AnimatedBackgroundView.swift conflicts, resolve namespace collisions, ensure unique type names. Remove duplicate definitions while preserving functionality. CRITICAL REPAIR.
TASK: Expert Swift namespace conflict specialist focusing on duplicate type definitions and symbol resolution.
---
AGENT_LAUNCH|2025-08-27_12:36:57|IMPORT_TYPE_FIXER_123657_12550|IMPORT_TYPE_FIXER|STARTING
PERSONALITY: CODEFIX SWARM - IMPORT & TYPE RESOLUTION. Fix missing imports causing NSColor, NSTouch, SMJobCopyDictionary errors. Analyze SecurityValidationFramework.swift, AnimatedTransitions.swift import issues, add required AppKit, ServiceManagement imports. Resolve all 'cannot find type' compilation errors. EMERGENCY PRIORITY.
TASK: Expert Swift import resolution specialist focusing on missing frameworks, type resolution, and module dependencies.
---
AGENT_LAUNCH|2025-08-27_12:37:07|METHOD_OVERRIDE_FIXER_123707_12872|METHOD_OVERRIDE_FIXER|STARTING
PERSONALITY: CODEFIX SWARM - METHOD OVERRIDE REPAIR. Fix invalid method override errors in AnimatedTransitions.swift. Analyze touchesBegan, touchesMoved, touchesEnded, touchesCancelled override issues. Correct superclass method signatures, ensure proper NSView/NSControl inheritance. Remove invalid overrides. COMPILATION CRITICAL.
TASK: Expert Swift method override specialist focusing on NSView, NSControl subclassing and touch event handling.
---
AGENT_LAUNCH|2025-08-27_12:37:18|CLOSURE_SELF_FIXER_123718_13231|CLOSURE_SELF_FIXER|STARTING
PERSONALITY: CODEFIX SWARM - CLOSURE SELF REFERENCE REPAIR. Fix 'requires explicit use of self' errors in SecurityValidationFramework.swift closures. Add explicit self. references for overallScore, validationRules properties. Ensure proper capture semantics. Fix closure compilation errors. URGENT COMPILATION FIX.
TASK: Expert Swift closure capture specialist focusing on explicit self references and memory management.
---
AGENT_LAUNCH|2025-08-27_12:37:29|AMBIGUOUS_TYPE_RESOLVER_123729_13712|AMBIGUOUS_TYPE_RESOLVER|STARTING
PERSONALITY: CODEFIX SWARM - AMBIGUOUS TYPE ELIMINATION. Fix 'ambiguous for type lookup' errors for SecurityThreat.type expressions. Analyze SecurityValidationFramework.swift type annotation issues, add explicit type annotations where needed. Resolve all type ambiguity compilation errors. CRITICAL CODE REPAIR.
TASK: Expert Swift type disambiguation specialist focusing on ambiguous type lookups and namespace resolution.
---
AGENT_COMPLETE|2025-08-27_12:39:49|CLOSURE_SELF_FIXER_123718_13231|CLOSURE_SELF_FIXER|EXIT_0
OUTPUT_SIZE:     1528 bytes
OUTPUT_LINES:       27 lines
---
AGENT_COMPLETE|2025-08-27_12:40:02|MAIN_DECLARATION_FIXER_123636_11980|MAIN_DECLARATION_FIXER|EXIT_0
OUTPUT_SIZE:     1849 bytes
OUTPUT_LINES:       35 lines
---
AGENT_COMPLETE|2025-08-27_12:40:34|METHOD_OVERRIDE_FIXER_123707_12872|METHOD_OVERRIDE_FIXER|EXIT_0
OUTPUT_SIZE:     1725 bytes
OUTPUT_LINES:       41 lines
---
AGENT_COMPLETE|2025-08-27_12:41:55|DUPLICATE_STRUCT_RESOLVER_123646_12179|DUPLICATE_STRUCT_RESOLVER|EXIT_0
OUTPUT_SIZE:     2095 bytes
OUTPUT_LINES:       49 lines
---
AGENT_COMPLETE|2025-08-27_12:43:05|AMBIGUOUS_TYPE_RESOLVER_123729_13712|AMBIGUOUS_TYPE_RESOLVER|EXIT_0
OUTPUT_SIZE:     2277 bytes
OUTPUT_LINES:       47 lines
---
AGENT_COMPLETE|2025-08-27_12:46:27|IMPORT_TYPE_FIXER_123657_12550|IMPORT_TYPE_FIXER|EXIT_0
OUTPUT_SIZE:     2556 bytes
OUTPUT_LINES:       58 lines
---
AGENT_LAUNCH|2025-08-27_12:50:40|CGSIZE_PROPERTY_FIXER_125040_19816|CGSIZE_PROPERTY_FIXER|STARTING
PERSONALITY: SECOND CODEFIX SWARM - CGSIZE PROPERTY REPAIR. Fix 'CGSize has no member x' errors in ProcessCardView.swift. Replace value.translation.x with value.translation.width. Analyze all CGSize/CGPoint property access patterns and correct coordinate references. CRITICAL COMPILATION FIX.
TASK: Expert Swift geometry specialist focusing on CGSize, CGPoint property access and coordinate system corrections.
---
AGENT_LAUNCH|2025-08-27_12:50:51|PROCESSINFO_PROPERTY_FIXER_125051_20056|PROCESSINFO_PROPERTY_FIXER|STARTING
PERSONALITY: SECOND CODEFIX SWARM - PROCESSINFO PROPERTY REPAIR. Fix 'ProcessInfo has no member isResponding' errors. Add missing isResponding property to ProcessInfo struct definition. Analyze ProcessInfo model and ensure all referenced properties exist. Remove extra arguments in initializer calls. URGENT MODEL FIX.
TASK: Expert Swift data model specialist focusing on ProcessInfo structure definition and property validation.
---
AGENT_LAUNCH|2025-08-27_12:51:01|DUPLICATE_VIEW_ELIMINATOR_125101_20345|DUPLICATE_VIEW_ELIMINATOR|STARTING
PERSONALITY: SECOND CODEFIX SWARM - DUPLICATE VIEW ELIMINATION. Fix 'invalid redeclaration of ProcessConstellationView' errors. Analyze ProcessConstellationView.swift vs ProcessConstellationView_Enhanced.swift conflicts. Remove duplicate view definitions, consolidate into single implementation. Ensure unique view names. CRITICAL NAMESPACE FIX.
TASK: Expert Swift view architecture specialist focusing on duplicate view definitions and namespace conflicts.
---
AGENT_LAUNCH|2025-08-27_12:51:13|MAINACTOR_ANNOTATION_FIXER_125113_20696|MAINACTOR_ANNOTATION_FIXER|STARTING
PERSONALITY: SECOND CODEFIX SWARM - MAINACTOR ANNOTATION REPAIR. Fix 'main actor-isolated property cannot be referenced from nonisolated context' errors in SecurityAuditReport.swift. Add @MainActor annotations where needed, fix async context access patterns. Resolve all actor isolation compilation errors. CONCURRENCY CRITICAL.
TASK: Expert Swift concurrency specialist focusing on @MainActor annotations, isolation, and async context corrections.
---
AGENT_LAUNCH|2025-08-27_12:51:24|STRING_PARAMETER_FIXER_125124_21048|STRING_PARAMETER_FIXER|STARTING
PERSONALITY: SECOND CODEFIX SWARM - STRING PARAMETER REPAIR. Fix 'missing argument label count:' errors in SecurityAuditReport.swift. Correct String(repeating:count:) parameter labels. Analyze all String API calls and ensure proper parameter labeling. Fix method signature mismatches. PARAMETER LABEL CRITICAL.
TASK: Expert Swift string manipulation specialist focusing on String API parameter labels and method signatures.
---
AGENT_LAUNCH|2025-08-27_12:51:35|ENUM_MEMBER_FIXER_125135_21516|ENUM_MEMBER_FIXER|STARTING
PERSONALITY: SECOND CODEFIX SWARM - ENUM MEMBER REPAIR. Fix 'cannot infer contextual base in reference to member .passed' errors in SecurityAuditReport.swift. Add explicit enum type annotations where needed. Analyze all enum member references and ensure proper context. ENUM INFERENCE CRITICAL.
TASK: Expert Swift enum specialist focusing on enum member references, contextual base inference, and enum pattern matching.
---
AGENT_COMPLETE|2025-08-27_12:52:30|CGSIZE_PROPERTY_FIXER_125040_19816|CGSIZE_PROPERTY_FIXER|EXIT_0
OUTPUT_SIZE:     1423 bytes
OUTPUT_LINES:       26 lines
---
AGENT_COMPLETE|2025-08-27_12:53:17|PROCESSINFO_PROPERTY_FIXER_125051_20056|PROCESSINFO_PROPERTY_FIXER|EXIT_0
OUTPUT_SIZE:     1505 bytes
OUTPUT_LINES:       34 lines
---
AGENT_COMPLETE|2025-08-27_12:53:37|STRING_PARAMETER_FIXER_125124_21048|STRING_PARAMETER_FIXER|EXIT_0
OUTPUT_SIZE:     1575 bytes
OUTPUT_LINES:       43 lines
---
AGENT_COMPLETE|2025-08-27_12:54:05|DUPLICATE_VIEW_ELIMINATOR_125101_20345|DUPLICATE_VIEW_ELIMINATOR|EXIT_0
OUTPUT_SIZE:     1495 bytes
OUTPUT_LINES:       33 lines
---
AGENT_COMPLETE|2025-08-27_12:56:02|ENUM_MEMBER_FIXER_125135_21516|ENUM_MEMBER_FIXER|EXIT_0
OUTPUT_SIZE:     2213 bytes
OUTPUT_LINES:       57 lines
---
AGENT_COMPLETE|2025-08-27_12:59:28|MAINACTOR_ANNOTATION_FIXER_125113_20696|MAINACTOR_ANNOTATION_FIXER|EXIT_0
OUTPUT_SIZE:     1956 bytes
OUTPUT_LINES:       39 lines
---
